e:\uni labs\physicsforgames\physicsforgamesassignment\pfg-startproject\pfg-startproject\build\debug_intermediate\vc141.pdb
e:\uni labs\physicsforgames\physicsforgamesassignment\pfg-startproject\pfg-startproject\build\debug_intermediate\vc141.idb
e:\uni labs\physicsforgames\physicsforgamesassignment\pfg-startproject\pfg-startproject\build\debug_intermediate\utility.obj
e:\uni labs\physicsforgames\physicsforgamesassignment\pfg-startproject\pfg-startproject\build\debug_intermediate\scene.obj
e:\uni labs\physicsforgames\physicsforgamesassignment\pfg-startproject\pfg-startproject\build\debug_intermediate\mesh.obj
e:\uni labs\physicsforgames\physicsforgamesassignment\pfg-startproject\pfg-startproject\build\debug_intermediate\material.obj
e:\uni labs\physicsforgames\physicsforgamesassignment\pfg-startproject\pfg-startproject\build\debug_intermediate\main.obj
e:\uni labs\physicsforgames\physicsforgamesassignment\pfg-startproject\pfg-startproject\build\debug_intermediate\kinematicsobject.obj
e:\uni labs\physicsforgames\physicsforgamesassignment\pfg-startproject\pfg-startproject\build\debug_intermediate\input.obj
e:\uni labs\physicsforgames\physicsforgamesassignment\pfg-startproject\pfg-startproject\build\debug_intermediate\gameobject.obj
e:\uni labs\physicsforgames\physicsforgamesassignment\pfg-startproject\pfg-startproject\build\debug_intermediate\dynamicobject.obj
e:\uni labs\physicsforgames\physicsforgamesassignment\pfg-startproject\pfg-startproject\build\debug_intermediate\camera.obj
e:\uni labs\physicsforgames\physicsforgamesassignment\pfg-startproject\pfg-startproject\build\debug_intermediate\application.obj
e:\uni labs\physicsforgames\physicsforgamesassignment\pfg-startproject\pfg-startproject\build\debug_intermediate\glew.obj
e:\uni labs\physicsforgames\physicsforgamesassignment\pfg-startproject\pfg-startproject\build\debug\pfg-startproject.exe
e:\uni labs\physicsforgames\physicsforgamesassignment\pfg-startproject\pfg-startproject\build\debug\pfg-startproject.ilk
e:\uni labs\physicsforgames\physicsforgamesassignment\pfg-startproject\pfg-startproject\build\debug\pfg-startproject.pdb
e:\uni labs\physicsforgames\physicsforgamesassignment\pfg-startproject\pfg-startproject\build\debug_intermediate\pfg-startproject.tlog\cl.command.1.tlog
e:\uni labs\physicsforgames\physicsforgamesassignment\pfg-startproject\pfg-startproject\build\debug_intermediate\pfg-startproject.tlog\cl.read.1.tlog
e:\uni labs\physicsforgames\physicsforgamesassignment\pfg-startproject\pfg-startproject\build\debug_intermediate\pfg-startproject.tlog\cl.write.1.tlog
e:\uni labs\physicsforgames\physicsforgamesassignment\pfg-startproject\pfg-startproject\build\debug_intermediate\pfg-startproject.tlog\link.command.1.tlog
e:\uni labs\physicsforgames\physicsforgamesassignment\pfg-startproject\pfg-startproject\build\debug_intermediate\pfg-startproject.tlog\link.read.1.tlog
e:\uni labs\physicsforgames\physicsforgamesassignment\pfg-startproject\pfg-startproject\build\debug_intermediate\pfg-startproject.tlog\link.write.1.tlog
