e:\uni labs\physicsforgames\physicsforgamesassignment\pfg-startproject\pfg-startproject\build\release_intermediate\vc141.pdb
e:\uni labs\physicsforgames\physicsforgamesassignment\pfg-startproject\pfg-startproject\build\release_intermediate\utility.obj
e:\uni labs\physicsforgames\physicsforgamesassignment\pfg-startproject\pfg-startproject\build\release_intermediate\scene.obj
e:\uni labs\physicsforgames\physicsforgamesassignment\pfg-startproject\pfg-startproject\build\release_intermediate\mesh.obj
e:\uni labs\physicsforgames\physicsforgamesassignment\pfg-startproject\pfg-startproject\build\release_intermediate\material.obj
e:\uni labs\physicsforgames\physicsforgamesassignment\pfg-startproject\pfg-startproject\build\release_intermediate\main.obj
e:\uni labs\physicsforgames\physicsforgamesassignment\pfg-startproject\pfg-startproject\build\release_intermediate\kinematicsobject.obj
e:\uni labs\physicsforgames\physicsforgamesassignment\pfg-startproject\pfg-startproject\build\release_intermediate\input.obj
e:\uni labs\physicsforgames\physicsforgamesassignment\pfg-startproject\pfg-startproject\build\release_intermediate\gameobject.obj
e:\uni labs\physicsforgames\physicsforgamesassignment\pfg-startproject\pfg-startproject\build\release_intermediate\dynamicobject.obj
e:\uni labs\physicsforgames\physicsforgamesassignment\pfg-startproject\pfg-startproject\build\release_intermediate\camera.obj
e:\uni labs\physicsforgames\physicsforgamesassignment\pfg-startproject\pfg-startproject\build\release_intermediate\application.obj
e:\uni labs\physicsforgames\physicsforgamesassignment\pfg-startproject\pfg-startproject\build\release_intermediate\glew.obj
e:\uni labs\physicsforgames\physicsforgamesassignment\pfg-startproject\pfg-startproject\build\release\pfg-startproject.exe
e:\uni labs\physicsforgames\physicsforgamesassignment\pfg-startproject\pfg-startproject\build\release\pfg-startproject.pdb
e:\uni labs\physicsforgames\physicsforgamesassignment\pfg-startproject\pfg-startproject\build\release\pfg-startproject.ipdb
e:\uni labs\physicsforgames\physicsforgamesassignment\pfg-startproject\pfg-startproject\build\release\pfg-startproject.iobj
e:\uni labs\physicsforgames\physicsforgamesassignment\pfg-startproject\pfg-startproject\build\release_intermediate\vc142.pdb
e:\uni labs\physicsforgames\physicsforgamesassignment\pfg-startproject\pfg-startproject\build\release_intermediate\pfg-startproject.tlog\cl.command.1.tlog
e:\uni labs\physicsforgames\physicsforgamesassignment\pfg-startproject\pfg-startproject\build\release_intermediate\pfg-startproject.tlog\cl.read.1.tlog
e:\uni labs\physicsforgames\physicsforgamesassignment\pfg-startproject\pfg-startproject\build\release_intermediate\pfg-startproject.tlog\cl.write.1.tlog
e:\uni labs\physicsforgames\physicsforgamesassignment\pfg-startproject\pfg-startproject\build\release_intermediate\pfg-startproject.tlog\link.command.1.tlog
e:\uni labs\physicsforgames\physicsforgamesassignment\pfg-startproject\pfg-startproject\build\release_intermediate\pfg-startproject.tlog\link.read.1.tlog
e:\uni labs\physicsforgames\physicsforgamesassignment\pfg-startproject\pfg-startproject\build\release_intermediate\pfg-startproject.tlog\link.write.1.tlog
e:\uni labs\physicsforgames\physicsforgamesassignment\pfg-startproject\pfg-startproject\build\release_intermediate\pfg-startproject.tlog\pfg-startproject.write.1u.tlog
